<?xml version="1.0" encoding="UTF-8"?>
<testsuite xmlns:xsi="http://www.w3.org/2001/XMLSchema-instance" xsi:noNamespaceSchemaLocation="https://maven.apache.org/surefire/maven-surefire-plugin/xsd/surefire-test-report.xsd" version="3.0.1" name="edu.eci.dosw.tdd.library.LibraryTest" time="0.049" tests="15" errors="0" skipped="0" failures="0">
  <properties>
[...]
</properties>
  <testcase name="shouldNotLoanIfUserNotExists" classname="edu.eci.dosw.tdd.library.LibraryTest" time="0.003"/>
  <testcase name="shouldNotAddBookWithNullIsbn" classname="edu.eci.dosw.tdd.library.LibraryTest" time="0.002"/>
  <testcase name="shouldAddNewBookSuccessfully" classname="edu.eci.dosw.tdd.library.LibraryTest" time="0.003"/>
  <testcase name="shouldIncrementAmountWhenBookAlreadyExists" classname="edu.eci.dosw.tdd.library.LibraryTest" time="0.001"/>
  <testcase name="shouldNotReturnNullLoan" classname="edu.eci.dosw.tdd.library.LibraryTest" time="0.002"/>
  <testcase name="shouldReturnLoanSuccessfully" classname="edu.eci.dosw.tdd.library.LibraryTest" time="0.001"/>
  <testcase name="shouldNotLoanIfBookNotAvailable" classname="edu.eci.dosw.tdd.library.LibraryTest" time="0.001"/>
  <testcase name="shouldLoanBookSuccessfully" classname="edu.eci.dosw.tdd.library.LibraryTest" time="0.003"/>
  <testcase name="shouldSetReturnDateWhenReturning" classname="edu.eci.dosw.tdd.library.LibraryTest" time="0.001"/>
  <testcase name="shouldDecreaseBookAmountWhenLoaned" classname="edu.eci.dosw.tdd.library.LibraryTest" time="0.003"/>
  <testcase name="shouldNotLoanSameBookTwiceToSameUser" classname="edu.eci.dosw.tdd.library.LibraryTest" time="0.001"/>
  <testcase name="shouldSetLoanDateWhenLoaning" classname="edu.eci.dosw.tdd.library.LibraryTest" time="0.002"/>
  <testcase name="shouldNotAddNullBook" classname="edu.eci.dosw.tdd.library.LibraryTest" time="0.002"/>
  <testcase name="shouldIncreaseBookAmountWhenReturned" classname="edu.eci.dosw.tdd.library.LibraryTest" time="0.003"/>
  <testcase name="shouldNotAddBookWithNullTitle" classname="edu.eci.dosw.tdd.library.LibraryTest" time="0.002"/>
</testsuite>